[2022-02-23 09:15:42,681] - Logger.py[line:45] - fuc:__console- INFO: 开始执行用例test_config_signpathapply
[2022-02-23 09:16:36,011] - Logger.py[line:45] - fuc:__console- INFO: 开始执行用例test_delete_signpathapply
[2022-02-23 09:19:18,988] - Logger.py[line:45] - fuc:__console- INFO: 开始执行用例test_config_signpathapply
[2022-02-23 09:19:29,005] - Logger.py[line:45] - fuc:__console- INFO: 开始执行用例test_delete_signpathapply
[2022-02-23 09:20:19,793] - Logger.py[line:45] - fuc:__console- INFO: 开始执行用例test_config_signpathapply
[2022-02-23 09:20:35,260] - Logger.py[line:45] - fuc:__console- INFO: 开始执行用例test_delete_signpathapply
[2022-02-23 09:21:22,650] - Logger.py[line:45] - fuc:__console- INFO: 开始执行用例test_config_signpathapply
[2022-02-23 09:21:53,502] - Logger.py[line:45] - fuc:__console- INFO: 开始执行用例test_delete_signpathapply
[2022-02-23 09:22:44,782] - Logger.py[line:45] - fuc:__console- INFO: 开始执行用例test_config_signpathapply
[2022-02-23 09:23:19,432] - Logger.py[line:45] - fuc:__console- INFO: 开始执行用例test_delete_signpathapply
[2022-02-23 09:26:44,952] - Logger.py[line:45] - fuc:__console- INFO: 开始执行用例test_config_signpathapply
[2022-02-23 09:27:19,743] - Logger.py[line:45] - fuc:__console- INFO: 开始执行用例test_delete_signpathapply
[2022-02-23 09:53:33,076] - Logger.py[line:45] - fuc:__console- INFO: 开始执行用例test_config_signpathapply
[2022-02-23 09:54:03,915] - Logger.py[line:45] - fuc:__console- INFO: 开始执行用例test_delete_signpathapply
[2022-02-23 10:24:20,974] - Logger.py[line:45] - fuc:__console- INFO: 开始执行用例test_config_signpathapply
[2022-02-23 10:24:51,131] - Logger.py[line:45] - fuc:__console- INFO: 开始执行用例test_delete_signpathapply
[2022-02-23 10:28:33,283] - Logger.py[line:45] - fuc:__console- INFO: 开始执行用例test_config_signpathapply
[2022-02-23 10:29:03,388] - Logger.py[line:45] - fuc:__console- INFO: 开始执行用例test_delete_signpathapply
[2022-02-23 10:37:52,115] - Logger.py[line:45] - fuc:__console- INFO: 开始执行用例test_config_signpathapply
[2022-02-23 10:38:22,246] - Logger.py[line:45] - fuc:__console- INFO: 开始执行用例test_delete_signpathapply
[2022-02-23 10:45:26,448] - Logger.py[line:45] - fuc:__console- INFO: 开始执行用例test_config_signpathapply
[2022-02-23 10:45:56,967] - Logger.py[line:45] - fuc:__console- INFO: 开始执行用例test_delete_signpathapply
[2022-02-23 10:49:15,744] - Logger.py[line:45] - fuc:__console- INFO: 开始执行用例test_config_signpathapply
[2022-02-23 10:49:46,185] - Logger.py[line:45] - fuc:__console- INFO: 开始执行用例test_delete_signpathapply
[2022-02-23 11:03:11,184] - Logger.py[line:45] - fuc:__console- INFO: 开始执行用例test_config_signpathapply
[2022-02-23 11:03:41,452] - Logger.py[line:45] - fuc:__console- INFO: 开始执行用例test_delete_signpathapply
[2022-02-23 11:06:23,201] - Logger.py[line:45] - fuc:__console- INFO: 开始执行用例test_config_signpathapply
[2022-02-23 11:06:53,538] - Logger.py[line:45] - fuc:__console- INFO: 开始执行用例test_delete_signpathapply
[2022-02-23 11:07:44,586] - Logger.py[line:45] - fuc:__console- INFO: 开始执行用例test_add_signrule
[2022-02-23 11:07:50,022] - Logger.py[line:45] - fuc:__console- INFO: 开始执行用例test_search_signrule
[2022-02-23 11:08:31,565] - Logger.py[line:45] - fuc:__console- INFO: 开始执行用例test_edit_signrule
[2022-02-23 11:08:48,574] - Logger.py[line:45] - fuc:__console- INFO: 开始执行用例test_delete_signrule
[2022-02-23 11:17:38,112] - Logger.py[line:45] - fuc:__console- INFO: 开始执行用例test_add_signrule
[2022-02-23 11:17:43,973] - Logger.py[line:45] - fuc:__console- INFO: 开始执行用例test_search_signrule
[2022-02-23 11:18:08,724] - Logger.py[line:45] - fuc:__console- INFO: 开始执行用例test_edit_signrule
[2022-02-23 11:18:12,670] - Logger.py[line:45] - fuc:__console- INFO: 开始执行用例test_delete_signrule
[2022-02-23 11:30:07,479] - Logger.py[line:45] - fuc:__console- INFO: 开始执行用例test_add_signrule
[2022-02-23 11:30:13,776] - Logger.py[line:45] - fuc:__console- INFO: 开始执行用例test_search_signrule
[2022-02-23 11:30:55,277] - Logger.py[line:45] - fuc:__console- INFO: 开始执行用例test_edit_signrule
[2022-02-23 11:31:32,951] - Logger.py[line:45] - fuc:__console- INFO: 开始执行用例test_delete_signrule
[2022-02-23 11:37:17,947] - Logger.py[line:45] - fuc:__console- INFO: 开始执行用例test_add_signrule
[2022-02-23 11:37:29,454] - Logger.py[line:45] - fuc:__console- INFO: 开始执行用例test_search_signrule
[2022-02-23 11:37:39,622] - Logger.py[line:45] - fuc:__console- INFO: 开始执行用例test_edit_signrule
[2022-02-23 11:37:42,976] - Logger.py[line:45] - fuc:__console- INFO: 开始执行用例test_delete_signrule
[2022-02-23 11:40:26,302] - Logger.py[line:45] - fuc:__console- INFO: 开始执行用例test_add_signrule
[2022-02-23 11:40:34,076] - Logger.py[line:45] - fuc:__console- INFO: 开始执行用例test_search_signrule
[2022-02-23 11:40:48,667] - Logger.py[line:45] - fuc:__console- INFO: 开始执行用例test_edit_signrule
[2022-02-23 11:40:52,040] - Logger.py[line:45] - fuc:__console- INFO: 开始执行用例test_delete_signrule
[2022-02-23 11:42:13,403] - Logger.py[line:45] - fuc:__console- INFO: 开始执行用例test_add_signrule
[2022-02-23 11:42:18,236] - Logger.py[line:45] - fuc:__console- INFO: 开始执行用例test_search_signrule
[2022-02-23 11:42:28,166] - Logger.py[line:45] - fuc:__console- INFO: 开始执行用例test_edit_signrule
[2022-02-23 11:42:31,354] - Logger.py[line:45] - fuc:__console- INFO: 开始执行用例test_delete_signrule
[2022-02-23 11:44:17,474] - Logger.py[line:45] - fuc:__console- INFO: 开始执行用例test_add_codeconfig
[2022-02-23 11:44:21,247] - Logger.py[line:45] - fuc:__console- INFO: 开始执行用例test_search_codeconfig
[2022-02-23 11:44:30,329] - Logger.py[line:45] - fuc:__console- INFO: 开始执行用例test_edit_codeconfig
[2022-02-23 11:44:34,105] - Logger.py[line:45] - fuc:__console- INFO: 开始执行用例test_reset_codeconfig
[2022-02-23 11:44:34,350] - Logger.py[line:45] - fuc:__console- INFO: 开始执行用例test_delete_codeconfig
[2022-02-23 11:44:42,105] - Logger.py[line:45] - fuc:__console- INFO: 开始执行用例test_mimanage_add
[2022-02-23 11:44:44,688] - Logger.py[line:45] - fuc:__console- INFO: 开始执行用例test_mimanage_search
[2022-02-23 11:44:48,456] - Logger.py[line:45] - fuc:__console- INFO: 开始执行用例test_mimanage_design
[2022-02-23 11:46:24,926] - Logger.py[line:45] - fuc:__console- INFO: 开始执行用例test_mimanage_approve
[2022-02-23 11:46:29,184] - Logger.py[line:45] - fuc:__console- INFO: 开始执行用例test_mimanage_publish
[2022-02-23 11:46:33,460] - Logger.py[line:45] - fuc:__console- INFO: 开始执行用例test_mimanage_delete
[2022-02-23 11:46:47,606] - Logger.py[line:45] - fuc:__console- INFO: 开始执行用例test_mimanage_add
[2022-02-23 11:46:50,191] - Logger.py[line:45] - fuc:__console- INFO: 开始执行用例test_mimanage_search
[2022-02-23 11:46:53,902] - Logger.py[line:45] - fuc:__console- INFO: 开始执行用例test_mimanage_import
[2022-02-23 11:47:11,901] - Logger.py[line:45] - fuc:__console- INFO: 开始执行用例test_mimanage_approve
[2022-02-23 11:47:16,429] - Logger.py[line:45] - fuc:__console- INFO: 开始执行用例test_mimanage_publish
[2022-02-23 11:47:24,422] - Logger.py[line:45] - fuc:__console- INFO: 开始执行用例test_add_mimanage
[2022-02-23 11:47:26,780] - Logger.py[line:45] - fuc:__console- INFO: 开始执行用例test_search_mimanage
[2022-02-23 11:47:40,487] - Logger.py[line:45] - fuc:__console- INFO: 开始执行用例test_edit_mimanage
[2022-02-23 11:47:44,445] - Logger.py[line:45] - fuc:__console- INFO: 开始执行用例test_delete_mimanage
[2022-02-23 11:47:50,538] - Logger.py[line:45] - fuc:__console- INFO: 开始执行用例test_add_opcset
[2022-02-23 11:47:51,707] - Logger.py[line:45] - fuc:__console- INFO: 开始执行用例test_search_opcset
[2022-02-23 11:47:59,128] - Logger.py[line:45] - fuc:__console- INFO: 开始执行用例test_edit_opcset
[2022-02-23 11:48:02,906] - Logger.py[line:45] - fuc:__console- INFO: 开始执行用例test_lock_opcset
[2022-02-23 11:48:08,261] - Logger.py[line:45] - fuc:__console- INFO: 开始执行用例test_unlock_opcset
[2022-02-23 11:48:13,624] - Logger.py[line:45] - fuc:__console- INFO: 开始执行用例test_delete_opcset
[2022-02-23 11:48:20,819] - Logger.py[line:45] - fuc:__console- INFO: 开始执行用例test_add_sign
[2022-02-23 11:48:25,952] - Logger.py[line:45] - fuc:__console- INFO: 开始执行用例test_edit_sign
[2022-02-23 11:48:28,836] - Logger.py[line:45] - fuc:__console- INFO: 开始执行用例test_delete_sign
[2022-02-23 11:48:33,593] - Logger.py[line:45] - fuc:__console- INFO: 开始执行用例test_add_signpath
[2022-02-23 11:48:37,599] - Logger.py[line:45] - fuc:__console- INFO: 开始执行用例test_search_signpath
[2022-02-23 11:48:41,918] - Logger.py[line:45] - fuc:__console- INFO: 开始执行用例test_edit_signpath
[2022-02-23 11:48:45,785] - Logger.py[line:45] - fuc:__console- INFO: 开始执行用例test_verify_signpath
[2022-02-23 11:48:49,610] - Logger.py[line:45] - fuc:__console- INFO: 开始执行用例test_cancelverify_signpath
[2022-02-23 11:48:53,574] - Logger.py[line:45] - fuc:__console- INFO: 开始执行用例test_delete_signpath
[2022-02-23 11:49:27,680] - Logger.py[line:45] - fuc:__console- INFO: 开始执行用例test_add_signrule
[2022-02-23 11:49:32,498] - Logger.py[line:45] - fuc:__console- INFO: 开始执行用例test_search_signrule
[2022-02-23 11:49:42,637] - Logger.py[line:45] - fuc:__console- INFO: 开始执行用例test_edit_signrule
[2022-02-23 11:49:45,900] - Logger.py[line:45] - fuc:__console- INFO: 开始执行用例test_delete_signrule
[2022-02-23 13:44:11,977] - Logger.py[line:45] - fuc:__console- INFO: 开始执行用例test_add_codeconfig
[2022-02-23 13:44:15,359] - Logger.py[line:45] - fuc:__console- INFO: 开始执行用例test_search_codeconfig
[2022-02-23 13:44:24,692] - Logger.py[line:45] - fuc:__console- INFO: 开始执行用例test_edit_codeconfig
[2022-02-23 13:44:28,341] - Logger.py[line:45] - fuc:__console- INFO: 开始执行用例test_reset_codeconfig
[2022-02-23 13:44:28,528] - Logger.py[line:45] - fuc:__console- INFO: 开始执行用例test_delete_codeconfig
[2022-02-23 13:44:37,427] - Logger.py[line:45] - fuc:__console- INFO: 开始执行用例test_mimanage_add
[2022-02-23 13:44:40,004] - Logger.py[line:45] - fuc:__console- INFO: 开始执行用例test_mimanage_search
[2022-02-23 13:44:43,758] - Logger.py[line:45] - fuc:__console- INFO: 开始执行用例test_mimanage_design
[2022-02-23 13:46:22,813] - Logger.py[line:45] - fuc:__console- INFO: 开始执行用例test_mimanage_approve
[2022-02-23 13:46:27,065] - Logger.py[line:45] - fuc:__console- INFO: 开始执行用例test_mimanage_publish
[2022-02-23 13:46:31,379] - Logger.py[line:45] - fuc:__console- INFO: 开始执行用例test_mimanage_delete
[2022-02-23 13:46:46,893] - Logger.py[line:45] - fuc:__console- INFO: 开始执行用例test_mimanage_add
[2022-02-23 13:46:49,495] - Logger.py[line:45] - fuc:__console- INFO: 开始执行用例test_mimanage_search
[2022-02-23 13:46:53,187] - Logger.py[line:45] - fuc:__console- INFO: 开始执行用例test_mimanage_import
[2022-02-23 13:47:11,134] - Logger.py[line:45] - fuc:__console- INFO: 开始执行用例test_mimanage_approve
[2022-02-23 13:47:15,652] - Logger.py[line:45] - fuc:__console- INFO: 开始执行用例test_mimanage_publish
[2022-02-23 13:47:25,864] - Logger.py[line:45] - fuc:__console- INFO: 开始执行用例test_add_mimanage
[2022-02-23 13:47:28,360] - Logger.py[line:45] - fuc:__console- INFO: 开始执行用例test_search_mimanage
[2022-02-23 13:47:37,708] - Logger.py[line:45] - fuc:__console- INFO: 开始执行用例test_edit_mimanage
[2022-02-23 13:47:40,267] - Logger.py[line:45] - fuc:__console- INFO: 开始执行用例test_delete_mimanage
[2022-02-23 13:47:47,947] - Logger.py[line:45] - fuc:__console- INFO: 开始执行用例test_add_opcset
[2022-02-23 13:48:08,485] - Logger.py[line:45] - fuc:__console- INFO: 开始执行用例test_search_opcset
[2022-02-23 13:48:20,138] - Logger.py[line:45] - fuc:__console- INFO: 开始执行用例test_edit_opcset
[2022-02-23 13:48:23,999] - Logger.py[line:45] - fuc:__console- INFO: 开始执行用例test_lock_opcset
[2022-02-23 13:48:29,279] - Logger.py[line:45] - fuc:__console- INFO: 开始执行用例test_unlock_opcset
[2022-02-23 13:48:35,288] - Logger.py[line:45] - fuc:__console- INFO: 开始执行用例test_delete_opcset
[2022-02-23 13:48:41,333] - Logger.py[line:45] - fuc:__console- INFO: 开始执行用例test_add_sign
[2022-02-23 13:48:46,601] - Logger.py[line:45] - fuc:__console- INFO: 开始执行用例test_edit_sign
[2022-02-23 13:48:49,496] - Logger.py[line:45] - fuc:__console- INFO: 开始执行用例test_delete_sign
[2022-02-23 13:48:55,365] - Logger.py[line:45] - fuc:__console- INFO: 开始执行用例test_add_signpath
[2022-02-23 13:48:59,574] - Logger.py[line:45] - fuc:__console- INFO: 开始执行用例test_search_signpath
[2022-02-23 13:49:08,867] - Logger.py[line:45] - fuc:__console- INFO: 开始执行用例test_edit_signpath
[2022-02-23 13:49:11,339] - Logger.py[line:45] - fuc:__console- INFO: 开始执行用例test_verify_signpath
[2022-02-23 13:49:16,526] - Logger.py[line:45] - fuc:__console- INFO: 开始执行用例test_cancelverify_signpath
[2022-02-23 13:49:21,816] - Logger.py[line:45] - fuc:__console- INFO: 开始执行用例test_delete_signpath
[2022-02-23 13:49:54,930] - Logger.py[line:45] - fuc:__console- INFO: 开始执行用例test_add_signrule
[2022-02-23 13:49:59,868] - Logger.py[line:45] - fuc:__console- INFO: 开始执行用例test_search_signrule
[2022-02-23 13:50:09,940] - Logger.py[line:45] - fuc:__console- INFO: 开始执行用例test_edit_signrule
[2022-02-23 13:50:13,293] - Logger.py[line:45] - fuc:__console- INFO: 开始执行用例test_delete_signrule
[2022-02-23 13:51:07,999] - Logger.py[line:45] - fuc:__console- INFO: 开始执行用例test_add_opcset
[2022-02-23 13:51:12,707] - Logger.py[line:45] - fuc:__console- INFO: 开始执行用例test_search_opcset
[2022-02-23 13:51:21,963] - Logger.py[line:45] - fuc:__console- INFO: 开始执行用例test_edit_opcset
[2022-02-23 13:51:24,550] - Logger.py[line:45] - fuc:__console- INFO: 开始执行用例test_lock_opcset
[2022-02-23 13:51:29,944] - Logger.py[line:45] - fuc:__console- INFO: 开始执行用例test_unlock_opcset
[2022-02-23 13:51:35,343] - Logger.py[line:45] - fuc:__console- INFO: 开始执行用例test_delete_opcset
[2022-02-23 13:59:28,479] - Logger.py[line:45] - fuc:__console- INFO: 开始执行用例test_config_signpathapply
[2022-02-23 13:59:58,570] - Logger.py[line:45] - fuc:__console- INFO: 开始执行用例test_delete_signpathapply
[2022-02-23 16:11:46,658] - Logger.py[line:45] - fuc:__console- INFO: 开始执行用例test_add_codeconfig
[2022-02-23 16:11:50,954] - Logger.py[line:45] - fuc:__console- INFO: 开始执行用例test_search_codeconfig
[2022-02-23 16:12:00,206] - Logger.py[line:45] - fuc:__console- INFO: 开始执行用例test_edit_codeconfig
[2022-02-23 16:12:03,944] - Logger.py[line:45] - fuc:__console- INFO: 开始执行用例test_reset_codeconfig
[2022-02-23 16:12:04,161] - Logger.py[line:45] - fuc:__console- INFO: 开始执行用例test_delete_codeconfig
[2022-02-23 16:12:13,041] - Logger.py[line:45] - fuc:__console- INFO: 开始执行用例test_mimanage_add
[2022-02-23 16:12:15,596] - Logger.py[line:45] - fuc:__console- INFO: 开始执行用例test_mimanage_search
[2022-02-23 16:12:19,315] - Logger.py[line:45] - fuc:__console- INFO: 开始执行用例test_mimanage_design
[2022-02-23 16:13:58,604] - Logger.py[line:45] - fuc:__console- INFO: 开始执行用例test_mimanage_approve
[2022-02-23 16:14:02,827] - Logger.py[line:45] - fuc:__console- INFO: 开始执行用例test_mimanage_publish
[2022-02-23 16:14:07,097] - Logger.py[line:45] - fuc:__console- INFO: 开始执行用例test_mimanage_delete
[2022-02-23 16:14:22,599] - Logger.py[line:45] - fuc:__console- INFO: 开始执行用例test_mimanage_add
[2022-02-23 16:14:25,151] - Logger.py[line:45] - fuc:__console- INFO: 开始执行用例test_mimanage_search
[2022-02-23 16:14:28,827] - Logger.py[line:45] - fuc:__console- INFO: 开始执行用例test_mimanage_import
[2022-02-23 16:14:46,651] - Logger.py[line:45] - fuc:__console- INFO: 开始执行用例test_mimanage_approve
[2022-02-23 16:14:51,158] - Logger.py[line:45] - fuc:__console- INFO: 开始执行用例test_mimanage_publish
[2022-02-23 16:15:01,297] - Logger.py[line:45] - fuc:__console- INFO: 开始执行用例test_add_mimanage
[2022-02-23 16:15:03,659] - Logger.py[line:45] - fuc:__console- INFO: 开始执行用例test_search_mimanage
[2022-02-23 16:15:12,999] - Logger.py[line:45] - fuc:__console- INFO: 开始执行用例test_edit_mimanage
[2022-02-23 16:15:15,491] - Logger.py[line:45] - fuc:__console- INFO: 开始执行用例test_delete_mimanage
[2022-02-23 16:15:23,118] - Logger.py[line:45] - fuc:__console- INFO: 开始执行用例test_add_opcset
[2022-02-23 16:15:27,859] - Logger.py[line:45] - fuc:__console- INFO: 开始执行用例test_search_opcset
[2022-02-23 16:15:37,234] - Logger.py[line:45] - fuc:__console- INFO: 开始执行用例test_edit_opcset
[2022-02-23 16:15:39,841] - Logger.py[line:45] - fuc:__console- INFO: 开始执行用例test_lock_opcset
[2022-02-23 16:15:45,250] - Logger.py[line:45] - fuc:__console- INFO: 开始执行用例test_unlock_opcset
[2022-02-23 16:15:50,513] - Logger.py[line:45] - fuc:__console- INFO: 开始执行用例test_delete_opcset
[2022-02-23 16:15:54,991] - Logger.py[line:45] - fuc:__console- INFO: 开始执行用例test_add_sign
[2022-02-23 16:16:00,142] - Logger.py[line:45] - fuc:__console- INFO: 开始执行用例test_edit_sign
[2022-02-23 16:16:03,059] - Logger.py[line:45] - fuc:__console- INFO: 开始执行用例test_delete_sign
[2022-02-23 16:16:08,995] - Logger.py[line:45] - fuc:__console- INFO: 开始执行用例test_add_signpath
[2022-02-23 16:16:13,220] - Logger.py[line:45] - fuc:__console- INFO: 开始执行用例test_search_signpath
[2022-02-23 16:16:22,288] - Logger.py[line:45] - fuc:__console- INFO: 开始执行用例test_edit_signpath
[2022-02-23 16:16:24,681] - Logger.py[line:45] - fuc:__console- INFO: 开始执行用例test_verify_signpath
[2022-02-23 16:16:30,095] - Logger.py[line:45] - fuc:__console- INFO: 开始执行用例test_cancelverify_signpath
[2022-02-23 16:16:35,433] - Logger.py[line:45] - fuc:__console- INFO: 开始执行用例test_delete_signpath
[2022-02-23 16:17:10,185] - Logger.py[line:45] - fuc:__console- INFO: 开始执行用例test_add_signrule
[2022-02-23 16:17:15,029] - Logger.py[line:45] - fuc:__console- INFO: 开始执行用例test_search_signrule
[2022-02-23 16:17:25,120] - Logger.py[line:45] - fuc:__console- INFO: 开始执行用例test_edit_signrule
[2022-02-23 16:17:28,371] - Logger.py[line:45] - fuc:__console- INFO: 开始执行用例test_delete_signrule
