[2022-02-21 09:35:42,238] - Logger.py[line:45] - fuc:__console- INFO: 开始执行用例test_mimanage_add
[2022-02-21 09:35:47,305] - Logger.py[line:45] - fuc:__console- INFO: 开始执行用例test_mimanage_search
[2022-02-21 09:36:28,900] - Logger.py[line:45] - fuc:__console- INFO: 开始执行用例test_mimanage_design
[2022-02-21 09:37:11,161] - Logger.py[line:45] - fuc:__console- INFO: 开始执行用例test_mimanage_approve
[2022-02-21 09:37:53,030] - Logger.py[line:45] - fuc:__console- INFO: 开始执行用例test_mimanage_publish
[2022-02-21 09:38:35,232] - Logger.py[line:45] - fuc:__console- INFO: 开始执行用例test_mimanage_delete
[2022-02-21 10:09:39,283] - Logger.py[line:45] - fuc:__console- INFO: 开始执行用例test_mimanage_add
[2022-02-21 10:09:41,778] - Logger.py[line:45] - fuc:__console- INFO: 开始执行用例test_mimanage_search
[2022-02-21 10:09:45,492] - Logger.py[line:45] - fuc:__console- INFO: 开始执行用例test_mimanage_design
[2022-02-21 10:11:23,664] - Logger.py[line:45] - fuc:__console- INFO: 开始执行用例test_mimanage_approve
[2022-02-21 10:11:27,884] - Logger.py[line:45] - fuc:__console- INFO: 开始执行用例test_mimanage_publish
[2022-02-21 10:11:32,148] - Logger.py[line:45] - fuc:__console- INFO: 开始执行用例test_mimanage_delete
[2022-02-21 10:17:46,958] - Logger.py[line:45] - fuc:__console- INFO: 开始执行用例test_mimanage_add
[2022-02-21 10:17:49,521] - Logger.py[line:45] - fuc:__console- INFO: 开始执行用例test_mimanage_search
[2022-02-21 10:17:53,108] - Logger.py[line:45] - fuc:__console- INFO: 开始执行用例test_mimanage_import
[2022-02-21 10:17:58,143] - Logger.py[line:45] - fuc:__console- INFO: 开始执行用例test_mimanage_approve
[2022-02-21 10:18:01,946] - Logger.py[line:45] - fuc:__console- INFO: 开始执行用例test_mimanage_publish
[2022-02-21 10:20:21,784] - Logger.py[line:45] - fuc:__console- INFO: 开始执行用例test_mimanage_add
[2022-02-21 10:20:24,442] - Logger.py[line:45] - fuc:__console- INFO: 开始执行用例test_mimanage_search
[2022-02-21 10:20:28,126] - Logger.py[line:45] - fuc:__console- INFO: 开始执行用例test_mimanage_import
[2022-02-21 10:20:55,057] - Logger.py[line:45] - fuc:__console- INFO: 开始执行用例test_mimanage_approve
[2022-02-21 10:20:58,954] - Logger.py[line:45] - fuc:__console- INFO: 开始执行用例test_mimanage_publish
[2022-02-21 10:32:15,331] - Logger.py[line:45] - fuc:__console- INFO: 开始执行用例test_mimanage_add
[2022-02-21 10:32:17,844] - Logger.py[line:45] - fuc:__console- INFO: 开始执行用例test_mimanage_search
[2022-02-21 10:32:21,523] - Logger.py[line:45] - fuc:__console- INFO: 开始执行用例test_mimanage_import
[2022-02-21 10:32:39,125] - Logger.py[line:45] - fuc:__console- INFO: 开始执行用例test_mimanage_approve
[2022-02-21 10:32:43,638] - Logger.py[line:45] - fuc:__console- INFO: 开始执行用例test_mimanage_publish
[2022-02-21 10:43:24,477] - Logger.py[line:45] - fuc:__console- INFO: 开始执行用例test_add_codeconfig
[2022-02-21 10:43:30,053] - Logger.py[line:45] - fuc:__console- INFO: 开始执行用例test_search_codeconfig
[2022-02-21 10:44:11,984] - Logger.py[line:45] - fuc:__console- INFO: 开始执行用例test_edit_codeconfig
[2022-02-21 10:44:15,722] - Logger.py[line:45] - fuc:__console- INFO: 开始执行用例test_reset_codeconfig
[2022-02-21 10:44:19,383] - Logger.py[line:45] - fuc:__console- INFO: 开始执行用例test_delete_codeconfig
[2022-02-21 11:32:47,270] - Logger.py[line:45] - fuc:__console- INFO: 开始执行用例test_add_codeconfig
[2022-02-21 11:32:52,757] - Logger.py[line:45] - fuc:__console- INFO: 开始执行用例test_search_codeconfig
[2022-02-21 11:33:35,416] - Logger.py[line:45] - fuc:__console- INFO: 开始执行用例test_add_codeconfig
[2022-02-21 11:33:39,161] - Logger.py[line:45] - fuc:__console- INFO: 开始执行用例test_search_codeconfig
[2022-02-21 11:33:48,298] - Logger.py[line:45] - fuc:__console- INFO: 开始执行用例test_edit_codeconfig
[2022-02-21 11:33:52,041] - Logger.py[line:45] - fuc:__console- INFO: 开始执行用例test_reset_codeconfig
[2022-02-21 11:33:52,176] - Logger.py[line:45] - fuc:__console- INFO: 开始执行用例test_delete_codeconfig
[2022-02-21 13:46:34,169] - Logger.py[line:45] - fuc:__console- INFO: 开始执行用例test_add_mimanage
[2022-02-21 13:46:37,838] - Logger.py[line:45] - fuc:__console- INFO: 开始执行用例test_search_mimanage
[2022-02-21 13:46:47,461] - Logger.py[line:45] - fuc:__console- INFO: 开始执行用例test_edit_mimanage
[2022-02-21 13:46:49,861] - Logger.py[line:45] - fuc:__console- INFO: 开始执行用例test_delete_mimanage
[2022-02-21 13:47:25,186] - Logger.py[line:45] - fuc:__console- INFO: 开始执行用例test_add_opcset
[2022-02-21 13:47:31,310] - Logger.py[line:45] - fuc:__console- INFO: 开始执行用例test_search_opcset
[2022-02-21 13:48:12,972] - Logger.py[line:45] - fuc:__console- INFO: 开始执行用例test_edit_opcset
[2022-02-21 13:48:16,746] - Logger.py[line:45] - fuc:__console- INFO: 开始执行用例test_lock_opcset
[2022-02-21 13:48:58,749] - Logger.py[line:45] - fuc:__console- INFO: 开始执行用例test_unlock_opcset
[2022-02-21 13:49:40,735] - Logger.py[line:45] - fuc:__console- INFO: 开始执行用例test_delete_opcset
[2022-02-21 13:50:10,033] - Logger.py[line:45] - fuc:__console- INFO: 开始执行用例test_add_opcset
[2022-02-21 13:50:13,779] - Logger.py[line:45] - fuc:__console- INFO: 开始执行用例test_search_opcset
[2022-02-21 13:50:22,967] - Logger.py[line:45] - fuc:__console- INFO: 开始执行用例test_edit_opcset
[2022-02-21 13:50:25,539] - Logger.py[line:45] - fuc:__console- INFO: 开始执行用例test_lock_opcset
[2022-02-21 13:50:31,022] - Logger.py[line:45] - fuc:__console- INFO: 开始执行用例test_unlock_opcset
[2022-02-21 13:50:36,297] - Logger.py[line:45] - fuc:__console- INFO: 开始执行用例test_delete_opcset
[2022-02-21 13:51:42,871] - Logger.py[line:45] - fuc:__console- INFO: 开始执行用例test_add_sign
[2022-02-21 13:51:50,646] - Logger.py[line:45] - fuc:__console- INFO: 开始执行用例test_edit_sign
[2022-02-21 13:51:53,613] - Logger.py[line:45] - fuc:__console- INFO: 开始执行用例test_delete_sign
[2022-02-21 13:52:37,541] - Logger.py[line:45] - fuc:__console- INFO: 开始执行用例test_add_signpath
[2022-02-21 13:52:40,962] - Logger.py[line:45] - fuc:__console- INFO: 开始执行用例test_search_signpath
[2022-02-21 13:53:22,520] - Logger.py[line:45] - fuc:__console- INFO: 开始执行用例test_edit_signpath
[2022-02-21 13:53:26,358] - Logger.py[line:45] - fuc:__console- INFO: 开始执行用例test_verify_signpath
[2022-02-21 13:53:30,158] - Logger.py[line:45] - fuc:__console- INFO: 开始执行用例test_cancelverify_signpath
[2022-02-21 13:53:34,011] - Logger.py[line:45] - fuc:__console- INFO: 开始执行用例test_delete_signpath
[2022-02-21 13:57:17,929] - Logger.py[line:45] - fuc:__console- INFO: 开始执行用例test_add_signpath
[2022-02-21 13:57:22,079] - Logger.py[line:45] - fuc:__console- INFO: 开始执行用例test_search_signpath
[2022-02-21 13:57:31,563] - Logger.py[line:45] - fuc:__console- INFO: 开始执行用例test_edit_signpath
[2022-02-21 13:57:32,665] - Logger.py[line:45] - fuc:__console- INFO: 开始执行用例test_verify_signpath
[2022-02-21 13:57:54,785] - Logger.py[line:45] - fuc:__console- INFO: 开始执行用例test_cancelverify_signpath
[2022-02-21 13:58:00,095] - Logger.py[line:45] - fuc:__console- INFO: 开始执行用例test_delete_signpath
[2022-02-21 14:14:48,467] - Logger.py[line:45] - fuc:__console- INFO: 开始执行用例test_config_signpathapply
[2022-02-21 14:14:54,354] - Logger.py[line:45] - fuc:__console- INFO: 开始执行用例test_delete_signpathapply
[2022-02-21 14:32:46,158] - Logger.py[line:45] - fuc:__console- INFO: 开始执行用例test_config_signpathapply
[2022-02-21 14:32:53,010] - Logger.py[line:45] - fuc:__console- INFO: 开始执行用例test_delete_signpathapply
[2022-02-21 14:54:26,744] - Logger.py[line:45] - fuc:__console- INFO: 开始执行用例test_config_signpathapply
[2022-02-21 14:54:34,818] - Logger.py[line:45] - fuc:__console- INFO: 开始执行用例test_delete_signpathapply
[2022-02-21 15:24:48,770] - Logger.py[line:45] - fuc:__console- INFO: 开始执行用例test_config_signpathapply
[2022-02-21 15:25:32,947] - Logger.py[line:45] - fuc:__console- INFO: 开始执行用例test_delete_signpathapply
[2022-02-21 15:27:00,338] - Logger.py[line:45] - fuc:__console- INFO: 开始执行用例test_config_signpathapply
[2022-02-21 15:27:31,844] - Logger.py[line:45] - fuc:__console- INFO: 开始执行用例test_delete_signpathapply
[2022-02-21 15:30:17,855] - Logger.py[line:45] - fuc:__console- INFO: 开始执行用例test_config_signpathapply
[2022-02-21 15:30:24,610] - Logger.py[line:45] - fuc:__console- INFO: 开始执行用例test_delete_signpathapply
[2022-02-21 15:31:27,908] - Logger.py[line:45] - fuc:__console- INFO: 开始执行用例test_config_signpathapply
[2022-02-21 15:32:18,904] - Logger.py[line:45] - fuc:__console- INFO: 开始执行用例test_delete_signpathapply
[2022-02-21 15:33:55,541] - Logger.py[line:45] - fuc:__console- INFO: 开始执行用例test_config_signpathapply
[2022-02-21 15:34:26,165] - Logger.py[line:45] - fuc:__console- INFO: 开始执行用例test_delete_signpathapply
[2022-02-21 15:35:38,796] - Logger.py[line:45] - fuc:__console- INFO: 开始执行用例test_config_signpathapply
[2022-02-21 15:36:30,502] - Logger.py[line:45] - fuc:__console- INFO: 开始执行用例test_delete_signpathapply
[2022-02-21 15:37:08,671] - Logger.py[line:45] - fuc:__console- INFO: 开始执行用例test_config_signpathapply
[2022-02-21 15:38:01,225] - Logger.py[line:45] - fuc:__console- INFO: 开始执行用例test_delete_signpathapply
